Using pre-set license
Built from '2021.1/staging' branch; Version is '2021.1.12f1 (afcadd793de6) revision 11520733'; Using compiler version '192528614'; Build Type 'Release'
OS: 'Windows 10 Home; OS build 19041.1052; Version 2004; 64bit' Language: 'zh' Physical Memory: 8052 MB
BatchMode: 1, IsHumanControllingUs: 0, StartBugReporterOnCrash: 0, Is64bit: 1, IsPro: 0

 COMMAND LINE ARGUMENTS:
D:\Program Files (x86)\2021.1.12f1\Editor\Unity.exe
-adb2
-batchMode
-noUpm
-name
AssetImportWorker0
-projectPath
D:/practice/Unity_HW/2D_Menu/Unity20210626HW_NIJIA/NIJIA
-logFile
Logs/AssetImportWorker0.log
-srvPort
53895
Successfully changed project path to: D:/practice/Unity_HW/2D_Menu/Unity20210626HW_NIJIA/NIJIA
D:/practice/Unity_HW/2D_Menu/Unity20210626HW_NIJIA/NIJIA
Using Asset Import Pipeline V2.
Refreshing native plugins compatible for Editor in 95.51 ms, found 4 plugins.
Preloading 0 native plugins for Editor in 0.00 ms.
Initialize engine version: 2021.1.12f1 (afcadd793de6)
[Subsystems] Discovering subsystems at path D:/Program Files (x86)/2021.1.12f1/Editor/Data/Resources/UnitySubsystems
[Subsystems] Discovering subsystems at path D:/practice/Unity_HW/2D_Menu/Unity20210626HW_NIJIA/NIJIA/Assets
GfxDevice: creating device client; threaded=0; jobified=0
Direct3D:
    Version:  Direct3D 11.0 [level 11.1]
    Renderer: NVIDIA GeForce GTX 1050 (ID=0x1c8d)
    Vendor:   NVIDIA
    VRAM:     4019 MB
    Driver:   27.21.14.5771
Initialize mono
Mono path[0] = 'D:/Program Files (x86)/2021.1.12f1/Editor/Data/Managed'
Mono path[1] = 'D:/Program Files (x86)/2021.1.12f1/Editor/Data/MonoBleedingEdge/lib/mono/unityjit'
Mono config path = 'D:/Program Files (x86)/2021.1.12f1/Editor/Data/MonoBleedingEdge/etc'
Using monoOptions --debugger-agent=transport=dt_socket,embedding=1,server=y,suspend=n,address=127.0.0.1:56456
Begin MonoManager ReloadAssembly
Registering precompiled unity dll's ...
Register platform support module: D:/Program Files (x86)/2021.1.12f1/Editor/Data/PlaybackEngines/WebGLSupport/UnityEditor.WebGL.Extensions.dll
Register platform support module: D:/Program Files (x86)/2021.1.12f1/Editor/Data/PlaybackEngines/WindowsStandaloneSupport/UnityEditor.WindowsStandalone.Extensions.dll
Registered in 0.001186 seconds.
Native extension for WindowsStandalone target not found
Native extension for WebGL target not found
Refreshing native plugins compatible for Editor in 98.26 ms, found 4 plugins.
Preloading 0 native plugins for Editor in 0.00 ms.
Mono: successfully reloaded assembly
- Completed reload, in  1.359 seconds
Domain Reload Profiling:
	ReloadAssembly (1359ms)
		BeginReloadAssembly (47ms)
			ExecutionOrderSort (0ms)
			DisableScriptedObjects (0ms)
			BackupInstance (0ms)
			ReleaseScriptingObjects (0ms)
			CreateAndSetChildDomain (1ms)
		EndReloadAssembly (468ms)
			LoadAssemblies (47ms)
			RebuildTransferFunctionScriptingTraits (0ms)
			SetupTypeCache (162ms)
			ReleaseScriptCaches (0ms)
			RebuildScriptCaches (33ms)
			SetupLoadedEditorAssemblies (230ms)
				LogAssemblyErrors (0ms)
				InitializePlatformSupportModulesInManaged (7ms)
				SetLoadedEditorAssemblies (0ms)
				RefreshPlugins (98ms)
				BeforeProcessingInitializeOnLoad (1ms)
				ProcessInitializeOnLoadAttributes (95ms)
				ProcessInitializeOnLoadMethodAttributes (29ms)
				AfterProcessingInitializeOnLoad (0ms)
				EditorAssembliesLoaded (0ms)
			ExecutionOrderSort2 (0ms)
			AwakeInstancesAfterBackupRestoration (0ms)
Platform modules already initialized, skipping
Registering precompiled user dll's ...
Registered in 0.004136 seconds.
Begin MonoManager ReloadAssembly
Symbol file LoadedFromMemory doesn't match image D:\practice\Unity_HW\2D_Menu\Unity20210626HW_NIJIA\NIJIA\Library\PackageCache\com.unity.visualscripting@1.6.1\Editor\VisualScripting.Core\Dependencies\YamlDotNet\Unity.VisualScripting.YamlDotNet.dll
Symbol file LoadedFromMemory doesn't match image D:\practice\Unity_HW\2D_Menu\Unity20210626HW_NIJIA\NIJIA\Library\PackageCache\com.unity.visualscripting@1.6.1\Editor\VisualScripting.Core\Dependencies\DotNetZip\Unity.VisualScripting.IonicZip.dll
Native extension for WindowsStandalone target not found
Native extension for WebGL target not found
Refreshing native plugins compatible for Editor in 95.90 ms, found 4 plugins.
Preloading 0 native plugins for Editor in 0.00 ms.
Mono: successfully reloaded assembly
- Completed reload, in  1.223 seconds
Domain Reload Profiling:
	ReloadAssembly (1223ms)
		BeginReloadAssembly (141ms)
			ExecutionOrderSort (0ms)
			DisableScriptedObjects (4ms)
			BackupInstance (0ms)
			ReleaseScriptingObjects (0ms)
			CreateAndSetChildDomain (19ms)
		EndReloadAssembly (1028ms)
			LoadAssemblies (86ms)
			RebuildTransferFunctionScriptingTraits (0ms)
			SetupTypeCache (352ms)
			ReleaseScriptCaches (1ms)
			RebuildScriptCaches (55ms)
			SetupLoadedEditorAssemblies (438ms)
				LogAssemblyErrors (0ms)
				InitializePlatformSupportModulesInManaged (4ms)
				SetLoadedEditorAssemblies (0ms)
				RefreshPlugins (96ms)
				BeforeProcessingInitializeOnLoad (79ms)
				ProcessInitializeOnLoadAttributes (241ms)
				ProcessInitializeOnLoadMethodAttributes (15ms)
				AfterProcessingInitializeOnLoad (2ms)
				EditorAssembliesLoaded (0ms)
			ExecutionOrderSort2 (0ms)
			AwakeInstancesAfterBackupRestoration (6ms)
Platform modules already initialized, skipping
========================================================================
Worker process is ready to serve import requests
Launched and connected shader compiler UnityShaderCompiler.exe after 0.05 seconds
Refreshing native plugins compatible for Editor in 0.75 ms, found 4 plugins.
Preloading 0 native plugins for Editor in 0.00 ms.
Unloading 3667 Unused Serialized files (Serialized files now loaded: 0)
System memory in use before: 138.6 MB.
System memory in use after: 138.7 MB.

Unloading 37 unused Assets to reduce memory usage. Loaded Objects now: 4113.
Total: 3.640000 ms (FindLiveObjects: 0.283100 ms CreateObjectMapping: 0.146900 ms MarkObjects: 3.096100 ms  DeleteObjects: 0.112800 ms)

AssetImportParameters requested are different than current active one (requested -> active):
  custom:framework-win-MediaFoundation: 216162199b28c13a410421893ffa2e32 -> 
  custom:video-decoder-ogg-theora: a1e56fd34408186e4bbccfd4996cb3dc -> 
  custom:container-muxer-webm: aa71ff27fc2769a1b78a27578f13a17b -> 
  custom:container-demuxer-webm: 4f35f7cbe854078d1ac9338744f61a02 -> 
  custom:container-demuxer-ogg: 62fdf1f143b41e24485cea50d1cbac27 -> 
  custom:video-encoder-webm-vp8: eb34c28f22e8b96e1ab97ce403110664 -> 
  custom:video-codec-MediaFoundation-h265: 746d11721c4dcdbdad8f713fa42b33f4 -> 
  custom:video-decoder-webm-vp8: 9c59270c3fd7afecdb556c50c9e8de78 -> 
  custom:audio-decoder-ogg-vorbis: bf7c407c2cedff20999df2af8eb42d56 -> 
  custom:audio-encoder-webm-vorbis: bf7c407c2cedff20999df2af8eb42d56 -> 
========================================================================
Received Import Request.
  path: Assets/專案/NIJIA.unity
  artifactKey: Guid(6359ac6c2f0b9224ca6beb6eb35a4302) Importer(815301076,1909f56bfc062723c751e8b465ee728b)
Start importing Assets/專案/NIJIA.unity using Guid(6359ac6c2f0b9224ca6beb6eb35a4302) Importer(815301076,1909f56bfc062723c751e8b465ee728b)  -> (artifact id: '1bf2186146758ee56081c4da13b84705') in 0.020526 seconds 
========================================================================
Received Import Request.
  Time since last request: 39.822728 seconds.
  path: Assets/Painted HQ 2D Forest Medieval Background/night/cloud01.png
  artifactKey: Guid(18ad3666f05b674499b413025f1a4227) Importer(815301076,1909f56bfc062723c751e8b465ee728b)
Start importing Assets/Painted HQ 2D Forest Medieval Background/night/cloud01.png using Guid(18ad3666f05b674499b413025f1a4227) Importer(815301076,1909f56bfc062723c751e8b465ee728b)  -> (artifact id: '9ae693cbdd7c3e66f3eead1a0d0a62f9') in 0.110560 seconds 
========================================================================
Received Import Request.
  Time since last request: 0.000347 seconds.
  path: Assets/Painted HQ 2D Forest Medieval Background/evening/mountain01.png
  artifactKey: Guid(f138225fb2758c641b40ae90c500db26) Importer(815301076,1909f56bfc062723c751e8b465ee728b)
Start importing Assets/Painted HQ 2D Forest Medieval Background/evening/mountain01.png using Guid(f138225fb2758c641b40ae90c500db26) Importer(815301076,1909f56bfc062723c751e8b465ee728b)  -> (artifact id: '8dc218ad4821f3fb49261749c08dca28') in 0.017941 seconds 
========================================================================
Received Import Request.
  Time since last request: 0.000315 seconds.
  path: Assets/Painted HQ 2D Forest Medieval Background/evening/cloud01.png
  artifactKey: Guid(99ba51f130c2c26458e8d83637667448) Importer(815301076,1909f56bfc062723c751e8b465ee728b)
Start importing Assets/Painted HQ 2D Forest Medieval Background/evening/cloud01.png using Guid(99ba51f130c2c26458e8d83637667448) Importer(815301076,1909f56bfc062723c751e8b465ee728b)  -> (artifact id: '4af8475e5073cac26516194cea80ea61') in 0.017003 seconds 
========================================================================
Received Import Request.
  Time since last request: 0.000317 seconds.
  path: Assets/Painted HQ 2D Forest Medieval Background/evening/cloud02.png
  artifactKey: Guid(d9333f218377dda4ba9650ec8f76c40d) Importer(815301076,1909f56bfc062723c751e8b465ee728b)
Start importing Assets/Painted HQ 2D Forest Medieval Background/evening/cloud02.png using Guid(d9333f218377dda4ba9650ec8f76c40d) Importer(815301076,1909f56bfc062723c751e8b465ee728b)  -> (artifact id: '815448d8ca2519c7084ef6a078e3a576') in 0.017162 seconds 
========================================================================
Received Import Request.
  Time since last request: 0.000330 seconds.
  path: Assets/Painted HQ 2D Forest Medieval Background/evening/cloud03.png
  artifactKey: Guid(a0398b1517032824da3d0ba68c409490) Importer(815301076,1909f56bfc062723c751e8b465ee728b)
Start importing Assets/Painted HQ 2D Forest Medieval Background/evening/cloud03.png using Guid(a0398b1517032824da3d0ba68c409490) Importer(815301076,1909f56bfc062723c751e8b465ee728b)  -> (artifact id: '53e29003b46d552b1f81aec5763c14b0') in 0.021106 seconds 
========================================================================
Received Import Request.
  Time since last request: 0.000339 seconds.
  path: Assets/Painted HQ 2D Forest Medieval Background/night/cloud03.png
  artifactKey: Guid(e73463d1099f91b4ba8e31b9c3175996) Importer(815301076,1909f56bfc062723c751e8b465ee728b)
Start importing Assets/Painted HQ 2D Forest Medieval Background/night/cloud03.png using Guid(e73463d1099f91b4ba8e31b9c3175996) Importer(815301076,1909f56bfc062723c751e8b465ee728b)  -> (artifact id: 'f5b9c7b00a321d760b5d8a3f2ff0a353') in 0.019776 seconds 
========================================================================
Received Import Request.
  Time since last request: 0.000291 seconds.
  path: Assets/Painted HQ 2D Forest Medieval Background/night/cloud02.png
  artifactKey: Guid(cb4ab5a5300dcf24eaf0658a4c7dff9f) Importer(815301076,1909f56bfc062723c751e8b465ee728b)
Start importing Assets/Painted HQ 2D Forest Medieval Background/night/cloud02.png using Guid(cb4ab5a5300dcf24eaf0658a4c7dff9f) Importer(815301076,1909f56bfc062723c751e8b465ee728b)  -> (artifact id: '1e8518fbe75344f87a3f29b75b1c63b8') in 0.015222 seconds 
========================================================================
Received Import Request.
  Time since last request: 0.000305 seconds.
  path: Assets/Painted HQ 2D Forest Medieval Background/night/sky.png
  artifactKey: Guid(fd8e132a64c68724e83ef37f68f9c1c7) Importer(815301076,1909f56bfc062723c751e8b465ee728b)
Start importing Assets/Painted HQ 2D Forest Medieval Background/night/sky.png using Guid(fd8e132a64c68724e83ef37f68f9c1c7) Importer(815301076,1909f56bfc062723c751e8b465ee728b)  -> (artifact id: '239bb43941151d885631412e335241ed') in 0.015676 seconds 
========================================================================
Received Import Request.
  Time since last request: 0.000234 seconds.
  path: Assets/Painted HQ 2D Forest Medieval Background/night/mountain02.png
  artifactKey: Guid(4f896d7c37e46c34c9b57f2e7fed52c5) Importer(815301076,1909f56bfc062723c751e8b465ee728b)
Start importing Assets/Painted HQ 2D Forest Medieval Background/night/mountain02.png using Guid(4f896d7c37e46c34c9b57f2e7fed52c5) Importer(815301076,1909f56bfc062723c751e8b465ee728b)  -> (artifact id: '181012c8850d720e89f9ddf91b54c559') in 0.023737 seconds 
========================================================================
Received Import Request.
  Time since last request: 0.000269 seconds.
  path: Assets/Painted HQ 2D Forest Medieval Background/night/mountain01.png
  artifactKey: Guid(0d08b6928114d47439546a398b35c506) Importer(815301076,1909f56bfc062723c751e8b465ee728b)
Start importing Assets/Painted HQ 2D Forest Medieval Background/night/mountain01.png using Guid(0d08b6928114d47439546a398b35c506) Importer(815301076,1909f56bfc062723c751e8b465ee728b)  -> (artifact id: '141d60e3c9f59cb3ae4ab83e4c3ab19d') in 0.013650 seconds 
========================================================================
Received Import Request.
  Time since last request: 668.897444 seconds.
  path: Assets/Fantasy Skybox FREE/Materials
  artifactKey: Guid(e0454b514da2ecd429e000f40050d4fa) Importer(815301076,1909f56bfc062723c751e8b465ee728b)
Start importing Assets/Fantasy Skybox FREE/Materials using Guid(e0454b514da2ecd429e000f40050d4fa) Importer(815301076,1909f56bfc062723c751e8b465ee728b)  -> (artifact id: '2895e23eff965bb230172ddf2f4cb473') in 0.008175 seconds 
========================================================================
Received Import Request.
  Time since last request: 3.882957 seconds.
  path: Assets/Fantasy Skybox FREE/Materials/Classic
  artifactKey: Guid(69ee00d9176dabc4687615071b161c20) Importer(815301076,1909f56bfc062723c751e8b465ee728b)
Start importing Assets/Fantasy Skybox FREE/Materials/Classic using Guid(69ee00d9176dabc4687615071b161c20) Importer(815301076,1909f56bfc062723c751e8b465ee728b)  -> (artifact id: 'eae2aaa33424365f031d24e4eae579e1') in 0.007847 seconds 
========================================================================
Received Import Request.
  Time since last request: 1.068891 seconds.
  path: Assets/Fantasy Skybox FREE/Materials/Classic/FS000_Day_01.png
  artifactKey: Guid(1331a26d2843a1148a23d5ddc81629dc) Importer(815301076,1909f56bfc062723c751e8b465ee728b)
Start importing Assets/Fantasy Skybox FREE/Materials/Classic/FS000_Day_01.png using Guid(1331a26d2843a1148a23d5ddc81629dc) Importer(815301076,1909f56bfc062723c751e8b465ee728b)  -> (artifact id: '39c58f8c6e8bf5b6133bee4473bc9a52') in 0.273698 seconds 
========================================================================
Received Import Request.
  Time since last request: 13.974439 seconds.
  path: Assets/Fantasy Skybox FREE/Materials/Classic/FS000_Day_01_Sunless.png
  artifactKey: Guid(d6a64d96999aec647a489f7d73c1a4c6) Importer(815301076,1909f56bfc062723c751e8b465ee728b)
Start importing Assets/Fantasy Skybox FREE/Materials/Classic/FS000_Day_01_Sunless.png using Guid(d6a64d96999aec647a489f7d73c1a4c6) Importer(815301076,1909f56bfc062723c751e8b465ee728b)  -> (artifact id: '823fb00d99bca2f2f02f10f9f68cfd95') in 0.044046 seconds 
========================================================================
Received Import Request.
  Time since last request: 2.516433 seconds.
  path: Assets/Fantasy Skybox FREE/Materials/Classic/FS000_Day_02.png
  artifactKey: Guid(88c467166db994146961f1ecc5fc214e) Importer(815301076,1909f56bfc062723c751e8b465ee728b)
Start importing Assets/Fantasy Skybox FREE/Materials/Classic/FS000_Day_02.png using Guid(88c467166db994146961f1ecc5fc214e) Importer(815301076,1909f56bfc062723c751e8b465ee728b)  -> (artifact id: '5d2f64642d70be77a307bd39e9d35ded') in 0.048139 seconds 
========================================================================
Received Import Request.
  Time since last request: 1.675949 seconds.
  path: Assets/Fantasy Skybox FREE/Materials/Classic/FS000_Day_02_Sunless.png
  artifactKey: Guid(a12ea62fd952d57439f49b6287da4762) Importer(815301076,1909f56bfc062723c751e8b465ee728b)
Start importing Assets/Fantasy Skybox FREE/Materials/Classic/FS000_Day_02_Sunless.png using Guid(a12ea62fd952d57439f49b6287da4762) Importer(815301076,1909f56bfc062723c751e8b465ee728b)  -> (artifact id: '68167eb1af739ab910d0c5b13283c77e') in 0.045987 seconds 
========================================================================
Received Import Request.
  Time since last request: 0.571947 seconds.
  path: Assets/Fantasy Skybox FREE/Materials/Classic/FS000_Day_03.png
  artifactKey: Guid(24941804827e1524eb70477f7f68a111) Importer(815301076,1909f56bfc062723c751e8b465ee728b)
Start importing Assets/Fantasy Skybox FREE/Materials/Classic/FS000_Day_03.png using Guid(24941804827e1524eb70477f7f68a111) Importer(815301076,1909f56bfc062723c751e8b465ee728b)  -> (artifact id: '3b2262303f9bc65c786555f621832342') in 0.044549 seconds 
========================================================================
Received Import Request.
  Time since last request: 1.188636 seconds.
  path: Assets/Fantasy Skybox FREE/Materials/Classic/FS000_Day_03_Sunless.png
  artifactKey: Guid(6b057cc84b9df8440b171f96ff306279) Importer(815301076,1909f56bfc062723c751e8b465ee728b)
Start importing Assets/Fantasy Skybox FREE/Materials/Classic/FS000_Day_03_Sunless.png using Guid(6b057cc84b9df8440b171f96ff306279) Importer(815301076,1909f56bfc062723c751e8b465ee728b)  -> (artifact id: 'ac112ea6009d5695e7d5b72209ba0d54') in 0.044108 seconds 
========================================================================
Received Import Request.
  Time since last request: 1.342397 seconds.
  path: Assets/Fantasy Skybox FREE/Materials/FS002/FS002_Night.png
  artifactKey: Guid(3cf4d52b14bd4254d9f4fd063f8d9bfd) Importer(815301076,1909f56bfc062723c751e8b465ee728b)
Start importing Assets/Fantasy Skybox FREE/Materials/FS002/FS002_Night.png using Guid(3cf4d52b14bd4254d9f4fd063f8d9bfd) Importer(815301076,1909f56bfc062723c751e8b465ee728b)  -> (artifact id: '01f1a5fa3c708c2dd4375f60cc973710') in 0.018184 seconds 
========================================================================
Received Import Request.
  Time since last request: 0.478515 seconds.
  path: Assets/Fantasy Skybox FREE/Materials/FS002/FS002_Day_Sunless.png
  artifactKey: Guid(e2c576b6d07638b468b5ba303a3a07cb) Importer(815301076,1909f56bfc062723c751e8b465ee728b)
Start importing Assets/Fantasy Skybox FREE/Materials/FS002/FS002_Day_Sunless.png using Guid(e2c576b6d07638b468b5ba303a3a07cb) Importer(815301076,1909f56bfc062723c751e8b465ee728b)  -> (artifact id: 'eeb57b733b8b22e4cc8c5724b6c87319') in 0.018576 seconds 
========================================================================
Received Import Request.
  Time since last request: 1.442377 seconds.
  path: Assets/Fantasy Skybox FREE/Materials/FS002/FS002_Night_Moonless.png
  artifactKey: Guid(13ec4f589b2340646969832fc2e68ec6) Importer(815301076,1909f56bfc062723c751e8b465ee728b)
Start importing Assets/Fantasy Skybox FREE/Materials/FS002/FS002_Night_Moonless.png using Guid(13ec4f589b2340646969832fc2e68ec6) Importer(815301076,1909f56bfc062723c751e8b465ee728b)  -> (artifact id: '3d5dfd87cf067f0bf0fa1b797d4539e0') in 0.014235 seconds 
========================================================================
Received Import Request.
  Time since last request: 0.618332 seconds.
  path: Assets/Fantasy Skybox FREE/Materials/FS002/FS002_Rainy.png
  artifactKey: Guid(9183c8173b34a5741a60673a672347cb) Importer(815301076,1909f56bfc062723c751e8b465ee728b)
Start importing Assets/Fantasy Skybox FREE/Materials/FS002/FS002_Rainy.png using Guid(9183c8173b34a5741a60673a672347cb) Importer(815301076,1909f56bfc062723c751e8b465ee728b)  -> (artifact id: 'dc7d4d0c24063c7c54d5938979662612') in 0.019702 seconds 
========================================================================
Received Import Request.
  Time since last request: 1.193005 seconds.
  path: Assets/Fantasy Skybox FREE/Materials/FS002/FS002_Snowy.png
  artifactKey: Guid(0ffe8585761fae642bd4d7d85819a5f5) Importer(815301076,1909f56bfc062723c751e8b465ee728b)
Start importing Assets/Fantasy Skybox FREE/Materials/FS002/FS002_Snowy.png using Guid(0ffe8585761fae642bd4d7d85819a5f5) Importer(815301076,1909f56bfc062723c751e8b465ee728b)  -> (artifact id: '89babea2ce25fe1d1d96d26f8271ddec') in 0.013682 seconds 
========================================================================
Received Import Request.
  Time since last request: 0.713228 seconds.
  path: Assets/Fantasy Skybox FREE/Materials/FS002/FS002_Sunset.png
  artifactKey: Guid(88c4ef1770f6491408e50fd96829b1b6) Importer(815301076,1909f56bfc062723c751e8b465ee728b)
Start importing Assets/Fantasy Skybox FREE/Materials/FS002/FS002_Sunset.png using Guid(88c4ef1770f6491408e50fd96829b1b6) Importer(815301076,1909f56bfc062723c751e8b465ee728b)  -> (artifact id: '93c8dd3d2e307116c25153551551db54') in 0.016618 seconds 
========================================================================
Received Import Request.
  Time since last request: 3.738852 seconds.
  path: Assets/Fantasy Skybox FREE/Materials/FS003/FS003_Sunset.png
  artifactKey: Guid(846cce7d90ad21b4b80fcb937193081e) Importer(815301076,1909f56bfc062723c751e8b465ee728b)
Start importing Assets/Fantasy Skybox FREE/Materials/FS003/FS003_Sunset.png using Guid(846cce7d90ad21b4b80fcb937193081e) Importer(815301076,1909f56bfc062723c751e8b465ee728b)  -> (artifact id: 'd07716334d3cd777d348ef4bec0512ec') in 0.017210 seconds 
========================================================================
Received Import Request.
  Time since last request: 3.184398 seconds.
  path: Assets/Fantasy Skybox FREE/Materials/Classic/FS000_Night_03_Moonless.png
  artifactKey: Guid(72dbfaf2e11e92744a2ff15822b9079f) Importer(815301076,1909f56bfc062723c751e8b465ee728b)
Start importing Assets/Fantasy Skybox FREE/Materials/Classic/FS000_Night_03_Moonless.png using Guid(72dbfaf2e11e92744a2ff15822b9079f) Importer(815301076,1909f56bfc062723c751e8b465ee728b)  -> (artifact id: '107819eaae9e687a25bb4920413967e7') in 0.044936 seconds 
========================================================================
Received Import Request.
  Time since last request: 1.590088 seconds.
  path: Assets/Fantasy Skybox FREE/Materials/Classic/FS000_Night_02.png
  artifactKey: Guid(e60c8653c33d3da4d8f660c15214d3ac) Importer(815301076,1909f56bfc062723c751e8b465ee728b)
Start importing Assets/Fantasy Skybox FREE/Materials/Classic/FS000_Night_02.png using Guid(e60c8653c33d3da4d8f660c15214d3ac) Importer(815301076,1909f56bfc062723c751e8b465ee728b)  -> (artifact id: '560accf754b731f64a1575abfde0a82d') in 0.044890 seconds 
========================================================================
Received Import Request.
  Time since last request: 1.969981 seconds.
  path: Assets/Fantasy Skybox FREE/Materials/FS017/FS017_Sunset.png
  artifactKey: Guid(89878140665978f4f9f27f55a61fb12d) Importer(815301076,1909f56bfc062723c751e8b465ee728b)
Start importing Assets/Fantasy Skybox FREE/Materials/FS017/FS017_Sunset.png using Guid(89878140665978f4f9f27f55a61fb12d) Importer(815301076,1909f56bfc062723c751e8b465ee728b)  -> (artifact id: '7f28bf01acb3014512a3afb2c53483b3') in 0.015057 seconds 
========================================================================
Received Import Request.
  Time since last request: 2.262204 seconds.
  path: Assets/Fantasy Skybox FREE/Materials/FS017/FS017_Day.png
  artifactKey: Guid(53129b20db5c19c4a9f4fcd4efd08b96) Importer(815301076,1909f56bfc062723c751e8b465ee728b)
Start importing Assets/Fantasy Skybox FREE/Materials/FS017/FS017_Day.png using Guid(53129b20db5c19c4a9f4fcd4efd08b96) Importer(815301076,1909f56bfc062723c751e8b465ee728b)  -> (artifact id: '6506189eaee77adeb3b4975459618619') in 0.017488 seconds 
========================================================================
Received Import Request.
  Time since last request: 44.607599 seconds.
  path: Assets/Fantasy Skybox FREE/Materials/Classic/FS000_Day_04.png
  artifactKey: Guid(599e20092e3297247ad7ecc4ba9caf00) Importer(815301076,1909f56bfc062723c751e8b465ee728b)
Start importing Assets/Fantasy Skybox FREE/Materials/Classic/FS000_Day_04.png using Guid(599e20092e3297247ad7ecc4ba9caf00) Importer(815301076,1909f56bfc062723c751e8b465ee728b)  -> (artifact id: '708f45caffff57bf1ebadcc0781f9cac') in 0.044818 seconds 
========================================================================
Received Import Request.
  Time since last request: 4.843396 seconds.
  path: Assets/Fantasy Skybox FREE/Materials/Classic/FS000_Day_04_Sunless.png
  artifactKey: Guid(0e981c5218a661d479182696be5f084f) Importer(815301076,1909f56bfc062723c751e8b465ee728b)
Start importing Assets/Fantasy Skybox FREE/Materials/Classic/FS000_Day_04_Sunless.png using Guid(0e981c5218a661d479182696be5f084f) Importer(815301076,1909f56bfc062723c751e8b465ee728b)  -> (artifact id: 'ef88647616c34b5707af1d7c8f1ce034') in 0.047478 seconds 
========================================================================
Received Import Request.
  Time since last request: 5.736696 seconds.
  path: Assets/Fantasy Skybox FREE/Materials/Classic/FS000_Day_06.png
  artifactKey: Guid(5dd1dab73acb80a4ca4a200b35ea95e2) Importer(815301076,1909f56bfc062723c751e8b465ee728b)
Start importing Assets/Fantasy Skybox FREE/Materials/Classic/FS000_Day_06.png using Guid(5dd1dab73acb80a4ca4a200b35ea95e2) Importer(815301076,1909f56bfc062723c751e8b465ee728b)  -> (artifact id: 'cc6a0620f1be5d1f4b8273548588e4a8') in 0.044296 seconds 
========================================================================
Received Import Request.
  Time since last request: 17.752559 seconds.
  path: Assets/Fantasy Skybox FREE/Scenes/TerrainDirt.terrainlayer
  artifactKey: Guid(d62e27a62f70e074eba77bbd9259e732) Importer(815301076,1909f56bfc062723c751e8b465ee728b)
Start importing Assets/Fantasy Skybox FREE/Scenes/TerrainDirt.terrainlayer using Guid(d62e27a62f70e074eba77bbd9259e732) Importer(815301076,1909f56bfc062723c751e8b465ee728b)  -> (artifact id: '04de7152ce337001609dfc842058f278') in 0.090835 seconds 
========================================================================
Received Import Request.
  Time since last request: 0.000306 seconds.
  path: Assets/Fantasy Skybox FREE/Scenes/Texture_Dirt_Normal.png
  artifactKey: Guid(6372a4abc4700ef4aad94d04602e89bf) Importer(815301076,1909f56bfc062723c751e8b465ee728b)
Start importing Assets/Fantasy Skybox FREE/Scenes/Texture_Dirt_Normal.png using Guid(6372a4abc4700ef4aad94d04602e89bf) Importer(815301076,1909f56bfc062723c751e8b465ee728b)  -> (artifact id: '37f6595144ca1aeb93388a714dd099bc') in 0.023862 seconds 
========================================================================
Received Import Request.
  Time since last request: 0.000236 seconds.
  path: Assets/Fantasy Skybox FREE/Scenes/Texture_Dirt_Diffuse.png
  artifactKey: Guid(37d1938c74868484ea08b34225eb73b7) Importer(815301076,1909f56bfc062723c751e8b465ee728b)
Start importing Assets/Fantasy Skybox FREE/Scenes/Texture_Dirt_Diffuse.png using Guid(37d1938c74868484ea08b34225eb73b7) Importer(815301076,1909f56bfc062723c751e8b465ee728b)  -> (artifact id: '119ca0b35a0e936948de6be099c9eb92') in 0.014908 seconds 
========================================================================
Received Import Request.
  Time since last request: 0.717392 seconds.
  path: Assets/Fantasy Skybox FREE/Scenes/Texure_Rock_Normal.png
  artifactKey: Guid(758b1fc63752a1e44957111d5af9b00c) Importer(815301076,1909f56bfc062723c751e8b465ee728b)
Start importing Assets/Fantasy Skybox FREE/Scenes/Texure_Rock_Normal.png using Guid(758b1fc63752a1e44957111d5af9b00c) Importer(815301076,1909f56bfc062723c751e8b465ee728b)  -> (artifact id: 'f8c78a2d14114fb40266f514dbc39613') in 0.020392 seconds 
========================================================================
Received Import Request.
  Time since last request: 4.910208 seconds.
  path: Assets/Fantasy Skybox FREE/Materials/FS017/FS017_Rainy.png
  artifactKey: Guid(16d9adf6c3330a04791bfc80481167c2) Importer(815301076,1909f56bfc062723c751e8b465ee728b)
Start importing Assets/Fantasy Skybox FREE/Materials/FS017/FS017_Rainy.png using Guid(16d9adf6c3330a04791bfc80481167c2) Importer(815301076,1909f56bfc062723c751e8b465ee728b)  -> (artifact id: 'b520d3a4f1942a1e936e04035883db12') in 0.015368 seconds 
========================================================================
Received Import Request.
  Time since last request: 6.267884 seconds.
  path: Assets/Fantasy Skybox FREE/Materials/FS017/FS017_Night.png
  artifactKey: Guid(32cef6a96e79c904387df9d92260fabf) Importer(815301076,1909f56bfc062723c751e8b465ee728b)
Start importing Assets/Fantasy Skybox FREE/Materials/FS017/FS017_Night.png using Guid(32cef6a96e79c904387df9d92260fabf) Importer(815301076,1909f56bfc062723c751e8b465ee728b)  -> (artifact id: '2faa756c373ac04a4636923036212355') in 0.014018 seconds 
========================================================================
Received Import Request.
  Time since last request: 0.318804 seconds.
  path: Assets/Fantasy Skybox FREE/Materials/FS017/FS017_Day_Sunless.png
  artifactKey: Guid(268c93021d7cf59469304bd4e244f156) Importer(815301076,1909f56bfc062723c751e8b465ee728b)
Start importing Assets/Fantasy Skybox FREE/Materials/FS017/FS017_Day_Sunless.png using Guid(268c93021d7cf59469304bd4e244f156) Importer(815301076,1909f56bfc062723c751e8b465ee728b)  -> (artifact id: '6debf6f694a61745d1f723b3d2bb44be') in 0.015665 seconds 
========================================================================
Received Import Request.
  Time since last request: 8.467460 seconds.
  path: Assets/Fantasy Skybox FREE/Materials/FS013/FS013_Sunset.png
  artifactKey: Guid(c9c7d456c59dc784b93f9c65f163e63f) Importer(815301076,1909f56bfc062723c751e8b465ee728b)
Start importing Assets/Fantasy Skybox FREE/Materials/FS013/FS013_Sunset.png using Guid(c9c7d456c59dc784b93f9c65f163e63f) Importer(815301076,1909f56bfc062723c751e8b465ee728b)  -> (artifact id: 'cb175d11c82c57fb177b907949c0f548') in 0.016067 seconds 
========================================================================
Received Import Request.
  Time since last request: 7.209028 seconds.
  path: Assets/Fantasy Skybox FREE/Materials/FS013/FS013_Night_Moonless.png
  artifactKey: Guid(a81552b25f3b36b43b82a6c5daf6e098) Importer(815301076,1909f56bfc062723c751e8b465ee728b)
Start importing Assets/Fantasy Skybox FREE/Materials/FS013/FS013_Night_Moonless.png using Guid(a81552b25f3b36b43b82a6c5daf6e098) Importer(815301076,1909f56bfc062723c751e8b465ee728b)  -> (artifact id: '4f94a3688b196617fc4730bd3d7d21a3') in 0.015998 seconds 
========================================================================
Received Import Request.
  Time since last request: 1.183494 seconds.
  path: Assets/Fantasy Skybox FREE/Materials/FS013/FS013_Rainy.png
  artifactKey: Guid(f5aa48695cf2eae40a79ff8630af2aef) Importer(815301076,1909f56bfc062723c751e8b465ee728b)
Start importing Assets/Fantasy Skybox FREE/Materials/FS013/FS013_Rainy.png using Guid(f5aa48695cf2eae40a79ff8630af2aef) Importer(815301076,1909f56bfc062723c751e8b465ee728b)  -> (artifact id: '8e34f2ac5d32a952617dba1d188dd6ee') in 0.018377 seconds 
========================================================================
Received Import Request.
  Time since last request: 0.660160 seconds.
  path: Assets/Fantasy Skybox FREE/Materials/FS013/FS013_Snowy.png
  artifactKey: Guid(cd6e32b2b89313e4ba54e7fc07ea31f2) Importer(815301076,1909f56bfc062723c751e8b465ee728b)
Start importing Assets/Fantasy Skybox FREE/Materials/FS013/FS013_Snowy.png using Guid(cd6e32b2b89313e4ba54e7fc07ea31f2) Importer(815301076,1909f56bfc062723c751e8b465ee728b)  -> (artifact id: 'c339e926ccd8d3851c3cb71b2d94c268') in 0.015258 seconds 
========================================================================
Received Import Request.
  Time since last request: 1.201435 seconds.
  path: Assets/Fantasy Skybox FREE/Materials/FS013/FS013_Sunrise.png
  artifactKey: Guid(99bb9346a54a1ef45b3d086ccba8cfad) Importer(815301076,1909f56bfc062723c751e8b465ee728b)
Start importing Assets/Fantasy Skybox FREE/Materials/FS013/FS013_Sunrise.png using Guid(99bb9346a54a1ef45b3d086ccba8cfad) Importer(815301076,1909f56bfc062723c751e8b465ee728b)  -> (artifact id: 'ab215056037b9345ff8cdf870ad89b7d') in 0.013515 seconds 
========================================================================
Received Import Request.
  Time since last request: 5.447720 seconds.
  path: Assets/Fantasy Skybox FREE/Materials/FS017/FS017_Snowy.png
  artifactKey: Guid(787c830ffbe38b14a9c7bcf39669cdfe) Importer(815301076,1909f56bfc062723c751e8b465ee728b)
Start importing Assets/Fantasy Skybox FREE/Materials/FS017/FS017_Snowy.png using Guid(787c830ffbe38b14a9c7bcf39669cdfe) Importer(815301076,1909f56bfc062723c751e8b465ee728b)  -> (artifact id: 'ed20c9c0574fe88d9e4b6e35004c23c7') in 0.016242 seconds 
========================================================================
Received Import Request.
  Time since last request: 0.803221 seconds.
  path: Assets/Fantasy Skybox FREE/Materials/FS017/FS017_Sunrise.png
  artifactKey: Guid(5e24d3ca061bf2b48a3e334c5cc4eab1) Importer(815301076,1909f56bfc062723c751e8b465ee728b)
Start importing Assets/Fantasy Skybox FREE/Materials/FS017/FS017_Sunrise.png using Guid(5e24d3ca061bf2b48a3e334c5cc4eab1) Importer(815301076,1909f56bfc062723c751e8b465ee728b)  -> (artifact id: '442ad996a6d837b85512cc6f24721b86') in 0.014616 seconds 
========================================================================
Received Import Request.
  Time since last request: 44.462229 seconds.
  path: Assets/Fantasy Skybox FREE/Materials/FS017/FS017_Night_Moonless.png
  artifactKey: Guid(71af0a156cd7ed6469b31ce35294a78b) Importer(815301076,1909f56bfc062723c751e8b465ee728b)
Start importing Assets/Fantasy Skybox FREE/Materials/FS017/FS017_Night_Moonless.png using Guid(71af0a156cd7ed6469b31ce35294a78b) Importer(815301076,1909f56bfc062723c751e8b465ee728b)  -> (artifact id: '6728c5095d6fc902667f3321b964dee2') in 0.016060 seconds 
========================================================================
Received Import Request.
  Time since last request: 11.399734 seconds.
  path: Assets/Fantasy Skybox FREE/Materials/FS013/FS013_Night.png
  artifactKey: Guid(134608dbb5b4b3e458e3567b13281134) Importer(815301076,1909f56bfc062723c751e8b465ee728b)
Start importing Assets/Fantasy Skybox FREE/Materials/FS013/FS013_Night.png using Guid(134608dbb5b4b3e458e3567b13281134) Importer(815301076,1909f56bfc062723c751e8b465ee728b)  -> (artifact id: 'ba2b1ec6acd1698ac77ce8790e8573b6') in 0.015113 seconds 
========================================================================
Received Import Request.
  Time since last request: 3.881629 seconds.
  path: Assets/Fantasy Skybox FREE/Materials/FS013/FS013_Day_Sunless.png
  artifactKey: Guid(20f8339484595a64b81579493040f0a0) Importer(815301076,1909f56bfc062723c751e8b465ee728b)
Start importing Assets/Fantasy Skybox FREE/Materials/FS013/FS013_Day_Sunless.png using Guid(20f8339484595a64b81579493040f0a0) Importer(815301076,1909f56bfc062723c751e8b465ee728b)  -> (artifact id: '73289abe40139e020fd6689cbc7f710a') in 0.019592 seconds 
========================================================================
Received Prepare
Registering precompiled user dll's ...
Registered in 0.032209 seconds.
Begin MonoManager ReloadAssembly
Symbol file LoadedFromMemory doesn't match image D:\practice\Unity_HW\2D_Menu\Unity20210626HW_NIJIA\NIJIA\Library\PackageCache\com.unity.visualscripting@1.6.1\Editor\VisualScripting.Core\Dependencies\YamlDotNet\Unity.VisualScripting.YamlDotNet.dll
Symbol file LoadedFromMemory doesn't match image D:\practice\Unity_HW\2D_Menu\Unity20210626HW_NIJIA\NIJIA\Library\PackageCache\com.unity.visualscripting@1.6.1\Editor\VisualScripting.Core\Dependencies\DotNetZip\Unity.VisualScripting.IonicZip.dll
Native extension for WindowsStandalone target not found
Native extension for WebGL target not found
Refreshing native plugins compatible for Editor in 0.69 ms, found 4 plugins.
Preloading 0 native plugins for Editor in 0.00 ms.
Mono: successfully reloaded assembly
- Completed reload, in  1.132 seconds
Domain Reload Profiling:
	ReloadAssembly (1133ms)
		BeginReloadAssembly (121ms)
			ExecutionOrderSort (0ms)
			DisableScriptedObjects (6ms)
			BackupInstance (0ms)
			ReleaseScriptingObjects (0ms)
			CreateAndSetChildDomain (42ms)
		EndReloadAssembly (957ms)
			LoadAssemblies (81ms)
			RebuildTransferFunctionScriptingTraits (0ms)
			SetupTypeCache (347ms)
			ReleaseScriptCaches (1ms)
			RebuildScriptCaches (44ms)
			SetupLoadedEditorAssemblies (294ms)
				LogAssemblyErrors (0ms)
				InitializePlatformSupportModulesInManaged (5ms)
				SetLoadedEditorAssemblies (0ms)
				RefreshPlugins (1ms)
				BeforeProcessingInitializeOnLoad (58ms)
				ProcessInitializeOnLoadAttributes (217ms)
				ProcessInitializeOnLoadMethodAttributes (8ms)
				AfterProcessingInitializeOnLoad (4ms)
				EditorAssembliesLoaded (0ms)
			ExecutionOrderSort2 (0ms)
			AwakeInstancesAfterBackupRestoration (19ms)
Platform modules already initialized, skipping
Refreshing native plugins compatible for Editor in 1.13 ms, found 4 plugins.
Preloading 0 native plugins for Editor in 0.00 ms.
Unloading 3698 Unused Serialized files (Serialized files now loaded: 0)
System memory in use before: 238.2 MB.
System memory in use after: 238.3 MB.

Unloading 25 unused Assets to reduce memory usage. Loaded Objects now: 4847.
Total: 3.764100 ms (FindLiveObjects: 0.465100 ms CreateObjectMapping: 0.192900 ms MarkObjects: 3.002000 ms  DeleteObjects: 0.103000 ms)

AssetImportParameters requested are different than current active one (requested -> active):
  custom:framework-win-MediaFoundation: 216162199b28c13a410421893ffa2e32 -> 
  custom:video-decoder-ogg-theora: a1e56fd34408186e4bbccfd4996cb3dc -> 
  custom:container-muxer-webm: aa71ff27fc2769a1b78a27578f13a17b -> 
  custom:container-demuxer-webm: 4f35f7cbe854078d1ac9338744f61a02 -> 
  custom:container-demuxer-ogg: 62fdf1f143b41e24485cea50d1cbac27 -> 
  custom:video-encoder-webm-vp8: eb34c28f22e8b96e1ab97ce403110664 -> 
  custom:video-codec-MediaFoundation-h265: 746d11721c4dcdbdad8f713fa42b33f4 -> 
  custom:video-decoder-webm-vp8: 9c59270c3fd7afecdb556c50c9e8de78 -> 
  custom:audio-decoder-ogg-vorbis: bf7c407c2cedff20999df2af8eb42d56 -> 
  custom:audio-encoder-webm-vorbis: bf7c407c2cedff20999df2af8eb42d56 -> 
AssetImportWorkerClient::OnTransportError - code=2 error=End of file
